<?xml version="1.0" encoding="UTF-8"?>
<testng-results ignored="0" total="1" passed="1" failed="0" skipped="0">
  <reporter-output>
  </reporter-output>
  <suite started-at="2024-01-13T16:59:52 IST" name="Default suite" finished-at="2024-01-13T17:00:03 IST" duration-ms="11537">
    <groups>
    </groups>
    <test started-at="2024-01-13T16:59:52 IST" name="Default test" finished-at="2024-01-13T17:00:03 IST" duration-ms="11537">
      <class name="com.test.TestSignUp">
        <test-method is-config="true" signature="setUp()[pri:0, instance:com.test.TestSignUp@66982506]" started-at="2024-01-13T16:59:52 IST" name="setUp" finished-at="2024-01-13T16:59:59 IST" duration-ms="7710" status="PASS">
          <reporter-output>
          </reporter-output>
        </test-method> <!-- setUp -->
        <test-method signature="testAll()[pri:0, instance:com.test.TestSignUp@66982506]" started-at="2024-01-13T16:59:59 IST" name="testAll" finished-at="2024-01-13T17:00:03 IST" duration-ms="3792" status="PASS">
          <reporter-output>
          </reporter-output>
        </test-method> <!-- testAll -->
      </class> <!-- com.test.TestSignUp -->
    </test> <!-- Default test -->
  </suite> <!-- Default suite -->
</testng-results>
